c:\documents and settings\administrator\my documents\visual studio 2010\projects\bgi\debug\vc100.pdb
c:\documents and settings\administrator\my documents\visual studio 2010\projects\bgi\debug\bgiout.obj
c:\documents and settings\administrator\my documents\visual studio 2010\projects\bgi\debug\winthread.obj
c:\documents and settings\administrator\my documents\visual studio 2010\projects\bgi\debug\bgi.obj
c:\documents and settings\administrator\my documents\visual studio 2010\projects\bgi\debug\drawing.obj
c:\documents and settings\administrator\my documents\visual studio 2010\projects\bgi\debug\misc.obj
c:\documents and settings\administrator\my documents\visual studio 2010\projects\bgi\debug\mouse.obj
c:\documents and settings\administrator\my documents\visual studio 2010\projects\bgi\debug\palette.obj
c:\documents and settings\administrator\my documents\visual studio 2010\projects\bgi\debug\text.obj
c:\documents and settings\administrator\my documents\visual studio 2010\projects\bgi\debug\winbgi.obj
c:\documents and settings\administrator\my documents\visual studio 2010\projects\bgi\debug\dibutil.obj
c:\documents and settings\administrator\my documents\visual studio 2010\projects\bgi\debug\file.obj
c:\documents and settings\administrator\my documents\visual studio 2010\projects\bgi\debug\test-colors.obj
c:\documents and settings\administrator\my documents\visual studio 2010\projects\bgi\debug\main.obj
c:\documents and settings\administrator\my documents\visual studio 2010\projects\bgi\debug\bgi.ilk
c:\documents and settings\administrator\my documents\visual studio 2010\projects\bgi\debug\bgi.exe
c:\documents and settings\administrator\my documents\visual studio 2010\projects\bgi\debug\bgi.exe.intermediate.manifest
c:\documents and settings\administrator\my documents\visual studio 2010\projects\bgi\debug\bgi.pdb
d:\download\bgi2010\bgi\debug\vc142.pdb
d:\download\bgi2010\bgi\debug\vc142.idb
d:\download\bgi2010\bgi\debug\winthread.obj
d:\download\bgi2010\bgi\debug\winbgi.obj
d:\download\bgi2010\bgi\debug\text.obj
d:\download\bgi2010\bgi\debug\main.obj
d:\download\bgi2010\bgi\debug\palette.obj
d:\download\bgi2010\bgi\debug\mouse.obj
d:\download\bgi2010\bgi\debug\misc.obj
d:\download\bgi2010\bgi\debug\file.obj
d:\download\bgi2010\bgi\debug\drawing.obj
d:\download\bgi2010\bgi\debug\dibutil.obj
d:\download\bgi2010\bgi\debug\bgiout.obj
d:\download\bgi2010\bgi\debug\bgi.exe
d:\download\bgi2010\bgi\debug\bgi.ilk
d:\download\bgi2010\bgi\debug\bgi.pdb
d:\download\bgi2010\bgi\debug\bgi.obj
d:\download\bgi2010\bgi\debug\test-colors.obj
d:\download\bgi2010\bgi\debug\main.obj.enc
d:\download\bgi2010\bgi\debug\cl.command.1.tlog
d:\download\bgi2010\bgi\debug\cl.read.1.tlog
d:\download\bgi2010\bgi\debug\cl.write.1.tlog
d:\download\bgi2010\bgi\debug\link.command.1.tlog
d:\download\bgi2010\bgi\debug\link.read.1.tlog
d:\download\bgi2010\bgi\debug\link.write.1.tlog
d:\download\bgi2010\bgi\debug\mt.command.1.tlog
d:\download\bgi2010\bgi\debug\mt.read.1.tlog
d:\download\bgi2010\bgi\debug\mt.write.1.tlog
d:\download\bgi2010\bgi\debug\bgi.exe.intermediate.manifest
d:\download\bgi2010\bgi\debug\vc100.idb
d:\download\bgi2010\bgi\debug\vc100.pdb
d:\download\bgi2010\bgi\debug\bgi.tlog\cl.command.1.tlog
d:\download\bgi2010\bgi\debug\bgi.tlog\cl.read.1.tlog
d:\download\bgi2010\bgi\debug\bgi.tlog\cl.write.1.tlog
d:\download\bgi2010\bgi\debug\bgi.tlog\link.command.1.tlog
d:\download\bgi2010\bgi\debug\bgi.tlog\link.delete.1.tlog
d:\download\bgi2010\bgi\debug\bgi.tlog\link.read.1.tlog
d:\download\bgi2010\bgi\debug\bgi.tlog\link.write.1.tlog
